<?xml version="1.0" encoding="UTF-8"?>
<testsuite xmlns:xsi="http://www.w3.org/2001/XMLSchema-instance" xsi:noNamespaceSchemaLocation="https://maven.apache.org/surefire/maven-surefire-plugin/xsd/surefire-test-report-3.0.xsd" version="3.0" name="edu.zjnu.autumn.BeanFactoryTest" time="0.211" tests="3" errors="0" skipped="0" failures="0">
  <properties>
[...]
</properties>
  <testcase name="test" classname="edu.zjnu.autumn.BeanFactoryTest" time="0.123">
    <system-out><![CDATA[486898233
486898233
杨海波
]]></system-out>
  </testcase>
  <testcase name="cglibTest" classname="edu.zjnu.autumn.BeanFactoryTest" time="0.001">
    <system-out><![CDATA[杨海波
]]></system-out>
  </testcase>
  <testcase name="testApplyProperty" classname="edu.zjnu.autumn.BeanFactoryTest" time="0.021">
    <system-out><![CDATA[查询用户信息：全世界最好的
]]></system-out>
  </testcase>
</testsuite>